[1226/133133.654:ERROR:directory_reader_win.cc(43)] FindFirstFile: The system cannot find the path specified. (0x3)
[1228/233747.901:ERROR:directory_reader_win.cc(43)] FindFirstFile: The system cannot find the path specified. (0x3)
[1229/003138.657:ERROR:process_reader_win.cc(123)] NtOpenThread: {Access Denied} A process has requested access to an object, but has not been granted those access rights. (0xc0000022)
[1229/003138.657:ERROR:process_reader_win.cc(123)] NtOpenThread: {Access Denied} A process has requested access to an object, but has not been granted those access rights. (0xc0000022)
[1229/003138.657:ERROR:process_reader_win.cc(123)] NtOpenThread: {Access Denied} A process has requested access to an object, but has not been granted those access rights. (0xc0000022)
[1229/003138.657:ERROR:exception_snapshot_win.cc(99)] thread ID 4008 not found in process
[1229/003138.657:ERROR:exception_snapshot_win.cc(99)] thread ID 26120 not found in process
[1229/003138.657:ERROR:exception_snapshot_win.cc(99)] thread ID 33136 not found in process
[1229/003138.657:ERROR:scoped_process_suspend.cc(31)] NtSuspendProcess: An attempt was made to access an exiting process. (0xc000010a)
[1229/003138.657:ERROR:process_info.cc(118)] ReadProcessMemory bool __cdecl crashpad::(anonymous namespace)::ReadStruct(HANDLE, crashpad::WinVMAddress, T *) [T = crashpad::process_types::PEB<crashpad::process_types::internal::Traits64>]: Only part of a ReadProcessMemory or WriteProcessMemory request was completed. (0x12B)
[1229/003138.657:ERROR:process_info.cc(551)] ReadProcessData failed
[1229/003138.657:ERROR:process_reader_win.cc(123)] NtOpenThread: {Access Denied} A process has requested access to an object, but has not been granted those access rights. (0xc0000022)
[1229/003138.657:ERROR:exception_snapshot_win.cc(99)] thread ID 27420 not found in process
[1229/003138.657:ERROR:process_reader_win.cc(123)] NtOpenThread: {Access Denied} A process has requested access to an object, but has not been granted those access rights. (0xc0000022)
[1229/003138.657:ERROR:exception_snapshot_win.cc(99)] thread ID 16308 not found in process
[1229/003138.673:ERROR:process_reader_win.cc(123)] NtOpenThread: {Access Denied} A process has requested access to an object, but has not been granted those access rights. (0xc0000022)
[1229/003138.673:ERROR:exception_snapshot_win.cc(99)] thread ID 25044 not found in process
[1229/003138.673:ERROR:process_reader_win.cc(123)] NtOpenThread: {Access Denied} A process has requested access to an object, but has not been granted those access rights. (0xc0000022)
[1229/003138.673:ERROR:exception_snapshot_win.cc(99)] thread ID 11708 not found in process
[1229/003138.673:ERROR:process_reader_win.cc(123)] NtOpenThread: {Access Denied} A process has requested access to an object, but has not been granted those access rights. (0xc0000022)
[1229/003138.673:ERROR:exception_snapshot_win.cc(99)] thread ID 34288 not found in process
[1229/003138.688:ERROR:process_reader_win.cc(123)] NtOpenThread: {Access Denied} A process has requested access to an object, but has not been granted those access rights. (0xc0000022)
[1229/003138.688:ERROR:process_reader_win.cc(123)] NtOpenThread: {Access Denied} A process has requested access to an object, but has not been granted those access rights. (0xc0000022)
[1229/003138.688:ERROR:exception_snapshot_win.cc(99)] thread ID 31028 not found in process
[1229/003138.688:ERROR:exception_snapshot_win.cc(99)] thread ID 23096 not found in process
[1229/003138.688:ERROR:process_reader_win.cc(123)] NtOpenThread: {Access Denied} A process has requested access to an object, but has not been granted those access rights. (0xc0000022)
[1229/003138.688:ERROR:exception_snapshot_win.cc(99)] thread ID 32408 not found in process
[1229/003138.688:ERROR:process_reader_win.cc(123)] NtOpenThread: {Access Denied} A process has requested access to an object, but has not been granted those access rights. (0xc0000022)
[1229/003138.688:ERROR:exception_snapshot_win.cc(99)] thread ID 32088 not found in process
[1229/003138.688:ERROR:process_reader_win.cc(123)] NtOpenThread: {Access Denied} A process has requested access to an object, but has not been granted those access rights. (0xc0000022)
[1229/003138.688:ERROR:exception_snapshot_win.cc(99)] thread ID 27808 not found in process
[1229/003138.688:ERROR:process_reader_win.cc(123)] NtOpenThread: {Access Denied} A process has requested access to an object, but has not been granted those access rights. (0xc0000022)
[1229/003138.688:ERROR:exception_snapshot_win.cc(99)] thread ID 24432 not found in process
[1229/003138.704:ERROR:process_reader_win.cc(123)] NtOpenThread: {Access Denied} A process has requested access to an object, but has not been granted those access rights. (0xc0000022)
[1229/003138.704:ERROR:process_reader_win.cc(123)] NtOpenThread: {Access Denied} A process has requested access to an object, but has not been granted those access rights. (0xc0000022)
[1229/003138.704:ERROR:exception_snapshot_win.cc(99)] thread ID 24148 not found in process
[1229/003138.704:ERROR:exception_snapshot_win.cc(99)] thread ID 21428 not found in process
[1229/003138.688:ERROR:process_reader_win.cc(123)] NtOpenThread: {Access Denied} A process has requested access to an object, but has not been granted those access rights. (0xc0000022)
[1229/003138.704:ERROR:exception_snapshot_win.cc(99)] thread ID 22792 not found in process
[1229/003138.704:ERROR:process_reader_win.cc(123)] NtOpenThread: {Access Denied} A process has requested access to an object, but has not been granted those access rights. (0xc0000022)
[1229/003138.704:ERROR:exception_snapshot_win.cc(99)] thread ID 30276 not found in process
[1229/003138.704:ERROR:process_reader_win.cc(123)] NtOpenThread: {Access Denied} A process has requested access to an object, but has not been granted those access rights. (0xc0000022)
[1229/003138.704:ERROR:exception_snapshot_win.cc(99)] thread ID 27536 not found in process
[1229/003138.704:ERROR:process_reader_win.cc(123)] NtOpenThread: {Access Denied} A process has requested access to an object, but has not been granted those access rights. (0xc0000022)
[1229/003138.704:ERROR:exception_snapshot_win.cc(99)] thread ID 34348 not found in process
[1229/003138.720:ERROR:process_reader_win.cc(123)] NtOpenThread: {Access Denied} A process has requested access to an object, but has not been granted those access rights. (0xc0000022)
[1229/003138.720:ERROR:process_reader_win.cc(123)] NtOpenThread: {Access Denied} A process has requested access to an object, but has not been granted those access rights. (0xc0000022)
[1229/003138.720:ERROR:exception_snapshot_win.cc(99)] thread ID 23212 not found in process
[1229/003138.720:ERROR:exception_snapshot_win.cc(99)] thread ID 23708 not found in process
[1229/003138.720:ERROR:process_reader_win.cc(123)] NtOpenThread: {Access Denied} A process has requested access to an object, but has not been granted those access rights. (0xc0000022)
[1229/003138.720:ERROR:exception_snapshot_win.cc(99)] thread ID 2148 not found in process
[1229/003138.720:ERROR:process_reader_win.cc(123)] NtOpenThread: {Access Denied} A process has requested access to an object, but has not been granted those access rights. (0xc0000022)
[1229/003138.720:ERROR:exception_snapshot_win.cc(99)] thread ID 11836 not found in process
[1229/003138.720:ERROR:process_reader_win.cc(123)] NtOpenThread: {Access Denied} A process has requested access to an object, but has not been granted those access rights. (0xc0000022)
[1229/003138.720:ERROR:exception_snapshot_win.cc(99)] thread ID 9456 not found in process
[1229/003138.720:ERROR:process_reader_win.cc(123)] NtOpenThread: {Access Denied} A process has requested access to an object, but has not been granted those access rights. (0xc0000022)
[1229/003138.720:ERROR:exception_snapshot_win.cc(99)] thread ID 7100 not found in process
[1229/003138.720:ERROR:process_reader_win.cc(123)] NtOpenThread: {Access Denied} A process has requested access to an object, but has not been granted those access rights. (0xc0000022)
[1229/003138.720:ERROR:exception_snapshot_win.cc(99)] thread ID 748 not found in process
[1229/003138.751:ERROR:process_reader_win.cc(123)] NtOpenThread: {Access Denied} A process has requested access to an object, but has not been granted those access rights. (0xc0000022)
[1229/003138.751:ERROR:exception_snapshot_win.cc(99)] thread ID 2228 not found in process
[1229/020115.250:ERROR:directory_reader_win.cc(43)] FindFirstFile: The system cannot find the path specified. (0x3)
